build/outputs/logs/manifest-merger-baiDu-debug-report.txt
-- Merging decision tree log ---
manifest
ADDED from AndroidManifest.xml:2:1-301:12
	package
		ADDED from AndroidManifest.xml:3:5-28
		INJECTED from AndroidManifest.xml
		INJECTED from AndroidManifest.xml
	android:versionName
		ADDED from AndroidManifest.xml:5:5-30
		INJECTED from AndroidManifest.xml
		INJECTED from AndroidManifest.xml
	android:versionCode
		ADDED from AndroidManifest.xml:4:5-28
		INJECTED from AndroidManifest.xml
		INJECTED from AndroidManifest.xml
	xmlns:android
		ADDED from AndroidManifest.xml:2:11-69
uses-sdk
ADDED from AndroidManifest.xml:7:5-9:41
MERGED from [com.android.support:multidex:1.0.1] AndroidManifest.xml:18:5-42
MERGED from [com.android.support:support-v4:25.3.1] AndroidManifest.xml:21:5-23:54
MERGED from [com.android.support:support-fragment:25.3.1] AndroidManifest.xml:21:5-23:60
MERGED from [com.android.support:support-media-compat:25.3.1] AndroidManifest.xml:21:5-23:63
MERGED from [com.android.support:support-core-ui:25.3.1] AndroidManifest.xml:21:5-23:58
MERGED from [com.android.support:support-core-utils:25.3.1] AndroidManifest.xml:21:5-23:61
MERGED from [com.android.support:support-compat:25.3.1] AndroidManifest.xml:21:5-23:58
	tools:overrideLibrary
		ADDED from [com.android.support:support-v4:25.3.1] AndroidManifest.xml:23:9-51
	android:targetSdkVersion
		ADDED from AndroidManifest.xml:9:9-38
		INJECTED from AndroidManifest.xml
		INJECTED from AndroidManifest.xml
	android:minSdkVersion
		ADDED from AndroidManifest.xml:8:9-35
		INJECTED from AndroidManifest.xml
		INJECTED from AndroidManifest.xml
uses-permission#${applicationId}.permission.JPUSH_MESSAGE
ADDED from AndroidManifest.xml:10:6-82
	android:name
		ADDED from AndroidManifest.xml:10:23-79
		INJECTED from AndroidManifest.xml
uses-permission#android.permission.RECEIVE_USER_PRESENT
ADDED from AndroidManifest.xml:11:5-79
	android:name
		ADDED from AndroidManifest.xml:11:22-76
uses-permission#android.permission.INTERNET
ADDED from AndroidManifest.xml:12:5-67
	android:name
		ADDED from AndroidManifest.xml:12:22-64
uses-permission#android.permission.ACCESS_WIFI_STATE
ADDED from AndroidManifest.xml:13:5-76
	android:name
		ADDED from AndroidManifest.xml:13:22-73
uses-permission#android.permission.ACCESS_NETWORK_STATE
ADDED from AndroidManifest.xml:14:5-79
	android:name
		ADDED from AndroidManifest.xml:14:22-76
uses-permission#android.permission.READ_PHONE_STATE
ADDED from AndroidManifest.xml:15:5-75
	android:name
		ADDED from AndroidManifest.xml:15:22-72
uses-permission#android.permission.WRITE_SETTINGS
ADDED from AndroidManifest.xml:16:5-73
	android:name
		ADDED from AndroidManifest.xml:16:22-70
uses-permission#android.net.conn.CONNECTIVITY_CHANGE
ADDED from AndroidManifest.xml:17:5-75
	android:name
		ADDED from AndroidManifest.xml:17:22-73
uses-permission#android.permission.SYSTEM_ALERT_WINDOW
ADDED from AndroidManifest.xml:20:5-78
	android:name
		ADDED from AndroidManifest.xml:20:22-75
uses-permission#android.permission.ACCESS_COARSE_LOCATION
ADDED from AndroidManifest.xml:21:5-81
	android:name
		ADDED from AndroidManifest.xml:21:22-78
uses-permission#android.permission.CHANGE_WIFI_STATE
ADDED from AndroidManifest.xml:22:5-76
	android:name
		ADDED from AndroidManifest.xml:22:22-73
uses-permission#android.permission.ACCESS_FINE_LOCATION
ADDED from AndroidManifest.xml:23:5-79
	android:name
		ADDED from AndroidManifest.xml:23:22-76
uses-permission#android.permission.ACCESS_LOCATION_EXTRA_COMMANDS
ADDED from AndroidManifest.xml:24:5-89
	android:name
		ADDED from AndroidManifest.xml:24:22-86
uses-permission#android.permission.CHANGE_NETWORK_STATE
ADDED from AndroidManifest.xml:25:5-79
	android:name
		ADDED from AndroidManifest.xml:25:22-76
uses-permission#android.permission.WAKE_LOCK
ADDED from AndroidManifest.xml:26:5-68
	android:name
		ADDED from AndroidManifest.xml:26:22-65
uses-permission#android.permission.GET_TASKS
ADDED from AndroidManifest.xml:27:5-68
	android:name
		ADDED from AndroidManifest.xml:27:22-65
uses-permission#android.permission.WRITE_EXTERNAL_STORAGE
ADDED from AndroidManifest.xml:29:5-80
	android:name
		ADDED from AndroidManifest.xml:29:22-78
uses-permission#android.permission.READ_EXTERNAL_STORAGE
ADDED from AndroidManifest.xml:30:5-79
	android:name
		ADDED from AndroidManifest.xml:30:22-77
uses-permission#android.permission.CAMERA
ADDED from AndroidManifest.xml:32:5-65
	android:name
		ADDED from AndroidManifest.xml:32:22-62
uses-permission#android.permission.VIBRATE
ADDED from AndroidManifest.xml:33:5-66
	android:name
		ADDED from AndroidManifest.xml:33:22-63
uses-permission#android.permission.FLASHLIGHT
ADDED from AndroidManifest.xml:34:5-69
	android:name
		ADDED from AndroidManifest.xml:34:22-66
uses-feature#android.hardware.camera
ADDED from AndroidManifest.xml:35:5-60
	android:name
		ADDED from AndroidManifest.xml:35:19-57
uses-feature#android.hardware.camera.autofocus
ADDED from AndroidManifest.xml:37:5-70
	android:name
		ADDED from AndroidManifest.xml:37:19-67
uses-permission#android.permission.MOUNT_UNMOUNT_FILESYSTEMS
ADDED from AndroidManifest.xml:39:5-83
	android:name
		ADDED from AndroidManifest.xml:39:22-81
permission#${applicationId}.permission.JPUSH_MESSAGE
ADDED from AndroidManifest.xml:40:6-42:47
	android:protectionLevel
		ADDED from AndroidManifest.xml:42:9-44
	android:name
		ADDED from AndroidManifest.xml:41:9-65
		INJECTED from AndroidManifest.xml
application
ADDED from AndroidManifest.xml:47:5-299:19
MERGED from [com.android.support:support-v4:25.3.1] AndroidManifest.xml:29:5-20
MERGED from [com.android.support:support-fragment:25.3.1] AndroidManifest.xml:29:5-20
MERGED from [com.android.support:support-media-compat:25.3.1] AndroidManifest.xml:29:5-20
MERGED from [com.android.support:support-core-ui:25.3.1] AndroidManifest.xml:29:5-20
MERGED from [com.android.support:support-core-utils:25.3.1] AndroidManifest.xml:29:5-20
MERGED from [com.android.support:support-compat:25.3.1] AndroidManifest.xml:29:5-20
	android:label
		ADDED from AndroidManifest.xml:52:9-41
	android:hardwareAccelerated
		ADDED from AndroidManifest.xml:50:9-43
	android:allowBackup
		ADDED from AndroidManifest.xml:49:9-35
	android:icon
		ADDED from AndroidManifest.xml:51:9-45
	android:theme
		ADDED from AndroidManifest.xml:53:9-40
	android:name
		ADDED from AndroidManifest.xml:48:9-55
activity#com.shishicai.app.activity.WelcomeActivity
ADDED from AndroidManifest.xml:54:9-62:20
	android:label
		ADDED from AndroidManifest.xml:57:13-45
	android:theme
		ADDED from AndroidManifest.xml:56:13-47
	android:name
		ADDED from AndroidManifest.xml:55:13-70
intent-filter#android.intent.action.MAIN+android.intent.category.LAUNCHER
ADDED from AndroidManifest.xml:58:13-61:29
action#android.intent.action.MAIN
ADDED from AndroidManifest.xml:59:17-69
	android:name
		ADDED from AndroidManifest.xml:59:25-66
category#android.intent.category.LAUNCHER
ADDED from AndroidManifest.xml:60:17-77
	android:name
		ADDED from AndroidManifest.xml:60:27-74
meta-data#UMENG_APPKEY
ADDED from AndroidManifest.xml:64:9-67:21
	android:value
		ADDED from AndroidManifest.xml:66:13-53
	android:name
		ADDED from AndroidManifest.xml:65:13-40
meta-data#UMENG_CHANNEL
ADDED from AndroidManifest.xml:68:9-71:21
	android:value
		ADDED from AndroidManifest.xml:70:13-51
		INJECTED from AndroidManifest.xml
	android:name
		ADDED from AndroidManifest.xml:69:13-41
activity#cn.jpush.android.ui.PushActivity
ADDED from AndroidManifest.xml:73:9-83:20
	android:exported
		ADDED from AndroidManifest.xml:77:13-37
	android:configChanges
		ADDED from AndroidManifest.xml:75:13-63
	android:theme
		ADDED from AndroidManifest.xml:76:13-60
	android:name
		ADDED from AndroidManifest.xml:74:13-60
intent-filter#${applicationId}+android.intent.category.DEFAULT+cn.jpush.android.ui.PushActivity
ADDED from AndroidManifest.xml:78:13-82:29
action#cn.jpush.android.ui.PushActivity
ADDED from AndroidManifest.xml:79:17-75
	android:name
		ADDED from AndroidManifest.xml:79:25-72
category#android.intent.category.DEFAULT
ADDED from AndroidManifest.xml:80:17-76
	android:name
		ADDED from AndroidManifest.xml:80:27-73
category#${applicationId}
ADDED from AndroidManifest.xml:81:17-61
	android:name
		ADDED from AndroidManifest.xml:81:27-58
		INJECTED from AndroidManifest.xml
		INJECTED from AndroidManifest.xml
		INJECTED from AndroidManifest.xml
		INJECTED from AndroidManifest.xml
activity#cn.jpush.android.ui.PopWinActivity
ADDED from AndroidManifest.xml:86:9-90:20
	android:exported
		ADDED from AndroidManifest.xml:89:13-37
	android:theme
		ADDED from AndroidManifest.xml:88:13-49
	android:name
		ADDED from AndroidManifest.xml:87:13-62
service#cn.jpush.android.service.DownloadService
ADDED from AndroidManifest.xml:93:9-97:19
	android:enabled
		ADDED from AndroidManifest.xml:95:13-35
	android:exported
		ADDED from AndroidManifest.xml:96:13-37
	android:name
		ADDED from AndroidManifest.xml:94:13-68
service#cn.jpush.android.service.PushService
ADDED from AndroidManifest.xml:102:9-111:19
	android:process
		ADDED from AndroidManifest.xml:104:13-36
	android:name
		ADDED from AndroidManifest.xml:103:13-64
intent-filter#cn.jpush.android.intent.PUSH_TIME+cn.jpush.android.intent.PushService+cn.jpush.android.intent.REGISTER+cn.jpush.android.intent.REPORT
ADDED from AndroidManifest.xml:105:13-110:29
action#cn.jpush.android.intent.REGISTER
ADDED from AndroidManifest.xml:106:17-75
	android:name
		ADDED from AndroidManifest.xml:106:25-72
action#cn.jpush.android.intent.REPORT
ADDED from AndroidManifest.xml:107:17-73
	android:name
		ADDED from AndroidManifest.xml:107:25-70
action#cn.jpush.android.intent.PushService
ADDED from AndroidManifest.xml:108:17-78
	android:name
		ADDED from AndroidManifest.xml:108:25-75
action#cn.jpush.android.intent.PUSH_TIME
ADDED from AndroidManifest.xml:109:17-76
	android:name
		ADDED from AndroidManifest.xml:109:25-73
service#cn.jpush.android.service.DaemonService
ADDED from AndroidManifest.xml:115:9-124:19
	android:enabled
		ADDED from AndroidManifest.xml:117:13-35
	android:exported
		ADDED from AndroidManifest.xml:118:13-36
	android:name
		ADDED from AndroidManifest.xml:116:13-66
intent-filter#${applicationId}+cn.jpush.android.intent.DaemonService
ADDED from AndroidManifest.xml:119:13-122:29
action#cn.jpush.android.intent.DaemonService
ADDED from AndroidManifest.xml:120:17-80
	android:name
		ADDED from AndroidManifest.xml:120:25-77
receiver#cn.jpush.android.service.PushReceiver
ADDED from AndroidManifest.xml:127:9-145:20
	android:enabled
		ADDED from AndroidManifest.xml:129:13-35
	android:name
		ADDED from AndroidManifest.xml:128:13-65
intent-filter#${applicationId}+cn.jpush.android.intent.NOTIFICATION_RECEIVED_PROXY
ADDED from AndroidManifest.xml:130:13-133:29
	android:priority
		ADDED from AndroidManifest.xml:130:28-57
action#cn.jpush.android.intent.NOTIFICATION_RECEIVED_PROXY
ADDED from AndroidManifest.xml:131:17-94
	android:name
		ADDED from AndroidManifest.xml:131:25-91
intent-filter#android.intent.action.USER_PRESENT+android.net.conn.CONNECTIVITY_CHANGE
ADDED from AndroidManifest.xml:134:13-137:29
action#android.intent.action.USER_PRESENT
ADDED from AndroidManifest.xml:135:17-77
	android:name
		ADDED from AndroidManifest.xml:135:25-74
action#android.net.conn.CONNECTIVITY_CHANGE
ADDED from AndroidManifest.xml:136:17-79
	android:name
		ADDED from AndroidManifest.xml:136:25-76
intent-filter#android.intent.action.PACKAGE_ADDED+android.intent.action.PACKAGE_REMOVED
ADDED from AndroidManifest.xml:139:13-144:29
action#android.intent.action.PACKAGE_ADDED
ADDED from AndroidManifest.xml:140:17-78
	android:name
		ADDED from AndroidManifest.xml:140:25-75
action#android.intent.action.PACKAGE_REMOVED
ADDED from AndroidManifest.xml:141:17-80
	android:name
		ADDED from AndroidManifest.xml:141:25-77
data
ADDED from AndroidManifest.xml:143:17-50
	android:scheme
		ADDED from AndroidManifest.xml:143:23-47
receiver#cn.jpush.android.service.AlarmReceiver
ADDED from AndroidManifest.xml:148:9-99
	android:exported
		ADDED from AndroidManifest.xml:148:73-97
	android:name
		ADDED from AndroidManifest.xml:148:19-72
receiver#com.shishicai.app.service.JPushReceiver
ADDED from AndroidManifest.xml:151:9-164:20
	android:enabled
		ADDED from AndroidManifest.xml:154:13-35
	android:exported
		ADDED from AndroidManifest.xml:153:13-37
	android:name
		ADDED from AndroidManifest.xml:152:13-67
intent-filter#${applicationId}+android.intent.action.BOOT_COMPLETED+cn.jpush.android.intent.CONNECTION+cn.jpush.android.intent.MESSAGE_RECEIVED+cn.jpush.android.intent.NOTIFICATION_OPENED+cn.jpush.android.intent.NOTIFICATION_RECEIVED+cn.jpush.android.intent.REGISTRATION
ADDED from AndroidManifest.xml:155:13-163:29
	android:priority
		ADDED from AndroidManifest.xml:155:28-57
action#android.intent.action.BOOT_COMPLETED
ADDED from AndroidManifest.xml:156:18-80
	android:name
		ADDED from AndroidManifest.xml:156:26-77
action#cn.jpush.android.intent.REGISTRATION
ADDED from AndroidManifest.xml:157:17-79
	android:name
		ADDED from AndroidManifest.xml:157:25-76
action#cn.jpush.android.intent.MESSAGE_RECEIVED
ADDED from AndroidManifest.xml:158:17-83
	android:name
		ADDED from AndroidManifest.xml:158:25-80
action#cn.jpush.android.intent.NOTIFICATION_RECEIVED
ADDED from AndroidManifest.xml:159:17-88
	android:name
		ADDED from AndroidManifest.xml:159:25-85
action#cn.jpush.android.intent.NOTIFICATION_OPENED
ADDED from AndroidManifest.xml:160:17-86
	android:name
		ADDED from AndroidManifest.xml:160:25-83
action#cn.jpush.android.intent.CONNECTION
ADDED from AndroidManifest.xml:161:17-77
	android:name
		ADDED from AndroidManifest.xml:161:25-74
meta-data#JPUSH_CHANNEL
ADDED from AndroidManifest.xml:167:9-84
	android:value
		ADDED from AndroidManifest.xml:167:49-82
	android:name
		ADDED from AndroidManifest.xml:167:20-48
meta-data#JPUSH_APPKEY
ADDED from AndroidManifest.xml:168:9-90
	android:value
		ADDED from AndroidManifest.xml:168:48-88
	android:name
		ADDED from AndroidManifest.xml:168:20-47
activity#com.shishicai.app.activity.MainActivity
ADDED from AndroidManifest.xml:172:9-176:20
	android:screenOrientation
		ADDED from AndroidManifest.xml:175:13-49
	android:launchMode
		ADDED from AndroidManifest.xml:174:13-44
	android:name
		ADDED from AndroidManifest.xml:173:13-67
activity#com.shishicai.app.activity.mine.MineSetting
ADDED from AndroidManifest.xml:177:10-180:20
	android:screenOrientation
		ADDED from AndroidManifest.xml:179:13-49
	android:name
		ADDED from AndroidManifest.xml:178:13-71
activity#com.shishicai.app.activity.ShowImgActivity
ADDED from AndroidManifest.xml:181:9-184:20
	android:screenOrientation
		ADDED from AndroidManifest.xml:183:13-49
	android:name
		ADDED from AndroidManifest.xml:182:13-70
activity#com.shishicai.app.activity.ToolActivity
ADDED from AndroidManifest.xml:185:10-188:20
	android:screenOrientation
		ADDED from AndroidManifest.xml:187:13-49
	android:name
		ADDED from AndroidManifest.xml:186:13-67
activity#com.shishicai.app.activity.MsgActivity
ADDED from AndroidManifest.xml:189:9-192:20
	android:screenOrientation
		ADDED from AndroidManifest.xml:191:13-49
	android:name
		ADDED from AndroidManifest.xml:190:13-66
activity#com.shishicai.app.activity.AwardActivity
ADDED from AndroidManifest.xml:193:9-196:20
	android:screenOrientation
		ADDED from AndroidManifest.xml:195:13-49
	android:name
		ADDED from AndroidManifest.xml:194:13-68
activity#com.shishicai.app.activity.DayNewsActivity
ADDED from AndroidManifest.xml:197:9-200:20
	android:screenOrientation
		ADDED from AndroidManifest.xml:199:13-49
	android:name
		ADDED from AndroidManifest.xml:198:13-70
activity#com.shishicai.app.activity.ChatActivity
ADDED from AndroidManifest.xml:201:9-206:20
	android:screenOrientation
		ADDED from AndroidManifest.xml:204:13-49
	android:windowSoftInputMode
		ADDED from AndroidManifest.xml:205:13-60
	android:configChanges
		ADDED from AndroidManifest.xml:203:13-63
	android:name
		ADDED from AndroidManifest.xml:202:13-67
activity#com.shishicai.app.activity.ColdHotActivity
ADDED from AndroidManifest.xml:207:9-210:20
	android:screenOrientation
		ADDED from AndroidManifest.xml:209:13-49
	android:name
		ADDED from AndroidManifest.xml:208:13-70
activity#com.shishicai.app.activity.AboutAsActivity
ADDED from AndroidManifest.xml:211:9-214:20
	android:screenOrientation
		ADDED from AndroidManifest.xml:213:13-49
	android:name
		ADDED from AndroidManifest.xml:212:13-70
activity#com.shishicai.app.activity.LuzhuActivity
ADDED from AndroidManifest.xml:215:9-218:20
	android:screenOrientation
		ADDED from AndroidManifest.xml:217:13-49
	android:name
		ADDED from AndroidManifest.xml:216:13-68
activity#com.shishicai.app.activity.LuzhuDetailActivity
ADDED from AndroidManifest.xml:219:9-222:20
	android:screenOrientation
		ADDED from AndroidManifest.xml:221:13-49
	android:name
		ADDED from AndroidManifest.xml:220:13-74
activity#com.shishicai.app.activity.AboutActivity
ADDED from AndroidManifest.xml:223:9-226:20
	android:screenOrientation
		ADDED from AndroidManifest.xml:225:13-49
	android:name
		ADDED from AndroidManifest.xml:224:13-68
activity#com.shishicai.app.activity.PredictActivity
ADDED from AndroidManifest.xml:227:9-230:20
	android:screenOrientation
		ADDED from AndroidManifest.xml:229:13-49
	android:name
		ADDED from AndroidManifest.xml:228:13-70
activity#com.shishicai.app.activity.ChartActivity
ADDED from AndroidManifest.xml:231:9-234:20
	android:screenOrientation
		ADDED from AndroidManifest.xml:233:13-50
	android:name
		ADDED from AndroidManifest.xml:232:13-68
activity#com.shishicai.app.activity.WebviewActivity
ADDED from AndroidManifest.xml:235:9-240:20
	android:screenOrientation
		ADDED from AndroidManifest.xml:238:13-49
	android:launchMode
		ADDED from AndroidManifest.xml:237:13-44
	android:name
		ADDED from AndroidManifest.xml:236:13-70
activity#com.shishicai.app.activity.mine.MineRegister
ADDED from AndroidManifest.xml:241:10-244:20
	android:screenOrientation
		ADDED from AndroidManifest.xml:243:13-49
	android:name
		ADDED from AndroidManifest.xml:242:13-72
activity#com.shishicai.app.activity.mine.MineFindPassword
ADDED from AndroidManifest.xml:245:10-248:20
	android:screenOrientation
		ADDED from AndroidManifest.xml:247:13-49
	android:name
		ADDED from AndroidManifest.xml:246:13-76
activity#com.shishicai.app.activity.mine.MinePasswod
ADDED from AndroidManifest.xml:249:11-252:20
	android:screenOrientation
		ADDED from AndroidManifest.xml:251:13-49
	android:name
		ADDED from AndroidManifest.xml:250:13-71
activity#com.shishicai.app.activity.mine.MineActivity
ADDED from AndroidManifest.xml:253:11-256:20
	android:screenOrientation
		ADDED from AndroidManifest.xml:255:13-49
	android:name
		ADDED from AndroidManifest.xml:254:13-72
activity#com.shishicai.app.activity.mine.MineInformation
ADDED from AndroidManifest.xml:257:10-260:20
	android:screenOrientation
		ADDED from AndroidManifest.xml:259:13-49
	android:name
		ADDED from AndroidManifest.xml:258:13-75
activity#com.shishicai.app.activity.mine.MineNickName
ADDED from AndroidManifest.xml:261:9-264:20
	android:screenOrientation
		ADDED from AndroidManifest.xml:263:13-49
	android:name
		ADDED from AndroidManifest.xml:262:13-72
activity#com.shishicai.app.activity.mine.MineEmail
ADDED from AndroidManifest.xml:265:10-268:20
	android:screenOrientation
		ADDED from AndroidManifest.xml:267:13-49
	android:name
		ADDED from AndroidManifest.xml:266:13-69
activity#com.shishicai.app.activity.mine.MineCollection
ADDED from AndroidManifest.xml:269:9-272:20
	android:screenOrientation
		ADDED from AndroidManifest.xml:271:13-49
	android:name
		ADDED from AndroidManifest.xml:270:13-74
activity#com.shishicai.app.activity.mine.MineOrder
ADDED from AndroidManifest.xml:273:10-276:20
	android:screenOrientation
		ADDED from AndroidManifest.xml:275:13-49
	android:name
		ADDED from AndroidManifest.xml:274:13-69
activity#com.shishicai.app.activity.mine.MineOrderDetail
ADDED from AndroidManifest.xml:277:10-280:20
	android:screenOrientation
		ADDED from AndroidManifest.xml:279:13-49
	android:name
		ADDED from AndroidManifest.xml:278:13-75
activity#com.shishicai.app.activity.mine.MineBonus
ADDED from AndroidManifest.xml:281:10-284:20
	android:screenOrientation
		ADDED from AndroidManifest.xml:283:13-49
	android:name
		ADDED from AndroidManifest.xml:282:13-69
activity#com.shishicai.app.activity.ScanResultShow
ADDED from AndroidManifest.xml:285:9-288:20
	android:screenOrientation
		ADDED from AndroidManifest.xml:287:13-49
	android:name
		ADDED from AndroidManifest.xml:286:13-69
activity#com.shishicai.app.activity.GenerateNumberActivity
ADDED from AndroidManifest.xml:289:9-292:20
	android:screenOrientation
		ADDED from AndroidManifest.xml:291:13-49
	android:name
		ADDED from AndroidManifest.xml:290:13-77
activity#com.uuzuche.lib_zxing.activity.CaptureActivity
ADDED from AndroidManifest.xml:293:9-298:20
	android:screenOrientation
		ADDED from AndroidManifest.xml:296:13-49
	android:windowSoftInputMode
		ADDED from AndroidManifest.xml:297:13-60
	android:configChanges
		ADDED from AndroidManifest.xml:295:13-63
	android:name
		ADDED from AndroidManifest.xml:294:13-74
meta-data#android.support.VERSION
ADDED from [com.android.support:support-v4:25.3.1] AndroidManifest.xml:25:5-27:34
MERGED from [com.android.support:support-fragment:25.3.1] AndroidManifest.xml:25:5-27:34
MERGED from [com.android.support:support-media-compat:25.3.1] AndroidManifest.xml:25:5-27:34
MERGED from [com.android.support:support-core-ui:25.3.1] AndroidManifest.xml:25:5-27:34
MERGED from [com.android.support:support-core-utils:25.3.1] AndroidManifest.xml:25:5-27:34
MERGED from [com.android.support:support-compat:25.3.1] AndroidManifest.xml:25:5-27:34
	android:value
		ADDED from [com.android.support:support-v4:25.3.1] AndroidManifest.xml:27:9-31
	android:name
		ADDED from [com.android.support:support-v4:25.3.1] AndroidManifest.xml:26:9-47